{
  "RSpec": {
    "coverage": {
      "/home/sycheng/rb_project/api-PaperDeep/init.rb": {
        "lines": [
          null,
          null,
          1,
          2,
          null
        ]
      },
      "/home/sycheng/rb_project/api-PaperDeep/config/init.rb": {
        "lines": [
          null,
          null,
          1
        ]
      },
      "/home/sycheng/rb_project/api-PaperDeep/config/environment.rb": {
        "lines": [
          null,
          null,
          1,
          1,
          1,
          1,
          1,
          null,
          1,
          null,
          1,
          1,
          null,
          1,
          null,
          1,
          null,
          null,
          null,
          1,
          1,
          1,
          1,
          null,
          null,
          1,
          null,
          null,
          1,
          null,
          1,
          null,
          null,
          null,
          null
        ]
      },
      "/home/sycheng/rb_project/api-PaperDeep/app/init.rb": {
        "lines": [
          null,
          null,
          1,
          4,
          null
        ]
      },
      "/home/sycheng/rb_project/api-PaperDeep/app/domain/init.rb": {
        "lines": [
          null,
          null,
          1,
          1,
          1,
          null
        ]
      },
      "/home/sycheng/rb_project/api-PaperDeep/app/domain/papers/init.rb": {
        "lines": [
          null,
          null,
          1,
          1,
          3,
          8,
          null,
          null
        ]
      },
      "/home/sycheng/rb_project/api-PaperDeep/app/domain/papers/entities/paper.rb": {
        "lines": [
          null,
          null,
          1,
          1,
          null,
          1,
          null,
          1,
          1,
          null,
          1,
          1,
          1,
          1,
          1,
          1,
          1,
          1,
          1,
          1,
          1,
          1,
          null,
          1,
          27,
          null,
          null,
          null,
          null,
          null,
          null,
          null,
          null,
          null,
          null,
          null,
          null
        ]
      },
      "/home/sycheng/rb_project/api-PaperDeep/app/domain/papers/entities/publication.rb": {
        "lines": [
          null,
          null,
          1,
          1,
          null,
          1,
          1,
          null,
          1,
          1,
          1,
          1,
          1,
          1,
          1,
          1,
          null,
          1,
          null,
          1,
          null,
          null,
          null,
          null,
          null,
          null,
          null,
          null,
          null,
          null
        ]
      },
      "/home/sycheng/rb_project/api-PaperDeep/app/domain/papers/repositories/for.rb": {
        "lines": [
          null,
          null,
          1,
          1,
          null,
          1,
          1,
          null,
          1,
          null,
          1,
          null,
          null,
          null,
          1,
          1,
          null,
          null,
          1,
          26,
          null,
          null,
          null,
          null
        ]
      },
      "/home/sycheng/rb_project/api-PaperDeep/app/domain/papers/repositories/papers.rb": {
        "lines": [
          null,
          null,
          1,
          1,
          null,
          1,
          1,
          0,
          null,
          null,
          1,
          1,
          null,
          null,
          1,
          null,
          null,
          null,
          0,
          null,
          0,
          null,
          null,
          null,
          1,
          0,
          null,
          0,
          0,
          0,
          null,
          null,
          0,
          null,
          null,
          null,
          null,
          null,
          null,
          0,
          0,
          null,
          null,
          null,
          null,
          1,
          1,
          null,
          1,
          null,
          null,
          null,
          null,
          null,
          null,
          null,
          null,
          null,
          null,
          null,
          null,
          null,
          null,
          null,
          1,
          0,
          0,
          null,
          null,
          null,
          1,
          25,
          null,
          null,
          null,
          null
        ]
      },
      "/home/sycheng/rb_project/api-PaperDeep/app/domain/papers/repositories/publications.rb": {
        "lines": [
          null,
          null,
          1,
          1,
          null,
          1,
          1,
          0,
          null,
          null,
          1,
          0,
          null,
          0,
          null,
          null,
          null,
          null,
          null,
          null,
          null,
          null,
          null,
          1,
          1,
          null,
          null,
          null,
          null
        ]
      },
      "/home/sycheng/rb_project/api-PaperDeep/app/domain/papers/repositories/init.rb": {
        "lines": [
          null,
          null,
          1,
          4,
          null
        ]
      },
      "/home/sycheng/rb_project/api-PaperDeep/app/domain/papers/mappers/paper_mapper.rb": {
        "lines": [
          null,
          null,
          null,
          1,
          null,
          1,
          1,
          null,
          1,
          1,
          1,
          1,
          null,
          null,
          1,
          1,
          null,
          null,
          1,
          1,
          25,
          null,
          null,
          null,
          1,
          25,
          null,
          null,
          null,
          null,
          1,
          1,
          25,
          null,
          null,
          1,
          null,
          1,
          25,
          null,
          0,
          null,
          null,
          1,
          25,
          null,
          0,
          null,
          null,
          1,
          25,
          null,
          0,
          null,
          null,
          1,
          129,
          25,
          null,
          0,
          null,
          null,
          1,
          129,
          25,
          null,
          0,
          null,
          null,
          1,
          25,
          null,
          0,
          null,
          null,
          1,
          null,
          51,
          25,
          null,
          0,
          null,
          null,
          1,
          25,
          null,
          0,
          null,
          null,
          1,
          25,
          null,
          0,
          null,
          null,
          1,
          25,
          null,
          null,
          null,
          null,
          null,
          null,
          null,
          null,
          null,
          null,
          null,
          null
        ]
      },
      "/home/sycheng/rb_project/api-PaperDeep/app/domain/papers/mappers/publication_mapper.rb": {
        "lines": [
          null,
          null,
          null,
          1,
          null,
          1,
          1,
          null,
          1,
          1,
          1,
          1,
          null,
          null,
          1,
          1,
          null,
          null,
          1,
          1,
          1,
          null,
          null,
          null,
          1,
          1,
          null,
          null,
          null,
          null,
          1,
          1,
          1,
          null,
          null,
          1,
          null,
          1,
          1,
          null,
          null,
          1,
          4,
          1,
          null,
          0,
          null,
          null,
          1,
          4,
          1,
          null,
          0,
          null,
          null,
          1,
          4,
          1,
          null,
          0,
          null,
          null,
          1,
          1,
          null,
          0,
          null,
          null,
          1,
          1,
          null,
          0,
          null,
          null,
          1,
          1,
          null,
          null,
          null,
          null,
          null,
          null,
          null,
          null
        ]
      },
      "/home/sycheng/rb_project/api-PaperDeep/app/application/init.rb": {
        "lines": [
          null,
          null,
          1,
          1,
          2,
          null
        ]
      },
      "/home/sycheng/rb_project/api-PaperDeep/app/application/services/init.rb": {
        "lines": [
          null,
          null,
          1,
          4,
          4,
          null
        ]
      },
      "/home/sycheng/rb_project/api-PaperDeep/app/application/services/add_paper.rb": {
        "lines": [
          null,
          null,
          1,
          null,
          1,
          1,
          null,
          1,
          1,
          null,
          1,
          1,
          null,
          1,
          null,
          null,
          1,
          1,
          1,
          null,
          0,
          null,
          null,
          1,
          1,
          25,
          null,
          1,
          null,
          0,
          0,
          null,
          null,
          null,
          null,
          1,
          1,
          1,
          1,
          null,
          1,
          1,
          1,
          null,
          0,
          null,
          null,
          null,
          null
        ]
      },
      "/home/sycheng/rb_project/api-PaperDeep/app/application/services/create_tree.rb": {
        "lines": [
          null,
          null,
          null,
          null,
          1,
          null,
          null,
          1,
          null,
          1,
          null,
          1,
          1,
          0,
          0,
          0,
          null,
          null,
          1,
          null,
          0,
          null,
          null,
          null,
          0,
          null,
          null,
          null,
          1,
          0,
          0,
          null,
          0,
          0,
          null,
          null,
          null,
          null,
          null,
          1,
          0,
          null,
          0,
          null,
          0,
          0,
          null,
          0,
          0,
          0,
          null,
          null,
          1,
          0,
          null,
          null,
          null,
          null
        ]
      },
      "/home/sycheng/rb_project/api-PaperDeep/app/application/services/search_publication.rb": {
        "lines": [
          null,
          null,
          1,
          null,
          1,
          1,
          null,
          1,
          1,
          null,
          1,
          1,
          null,
          1,
          null,
          1,
          1,
          1,
          null,
          0,
          null,
          null,
          1,
          1,
          1,
          null,
          1,
          null,
          0,
          0,
          null,
          null,
          null,
          null,
          null,
          1,
          1,
          1,
          1,
          1,
          null,
          0,
          null,
          null,
          null,
          null
        ]
      },
      "/home/sycheng/rb_project/api-PaperDeep/app/application/controllers/init.rb": {
        "lines": [
          null,
          null,
          1,
          2,
          2,
          null
        ]
      },
      "/home/sycheng/rb_project/api-PaperDeep/app/application/controllers/app.rb": {
        "lines": [
          null,
          null,
          1,
          1,
          1,
          1,
          null,
          1,
          null,
          1,
          null,
          null,
          null,
          null,
          null,
          null,
          null,
          null,
          1,
          null,
          1,
          null,
          4,
          1,
          null,
          1,
          null,
          null,
          null,
          null,
          1,
          null,
          null,
          null,
          null,
          null,
          1,
          1,
          null,
          1,
          1,
          null,
          null,
          3,
          3,
          1,
          null,
          1,
          1,
          1,
          null,
          1,
          0,
          0,
          null,
          null,
          1,
          1,
          null,
          1,
          1,
          null,
          null,
          null,
          2,
          0,
          null,
          0,
          0,
          0,
          null,
          0,
          0,
          0,
          null,
          0,
          null,
          null,
          null,
          2,
          1,
          null,
          1,
          1,
          1,
          null,
          1,
          0,
          0,
          null,
          null,
          1,
          1,
          null,
          1,
          null,
          1,
          1,
          null,
          null,
          null,
          null,
          1,
          1,
          null,
          null,
          0,
          0,
          0,
          null,
          null,
          0,
          0,
          null,
          1,
          1,
          null,
          1,
          1,
          1,
          1,
          null,
          1,
          1,
          0,
          null,
          null,
          null,
          1,
          1,
          null,
          null,
          null,
          null,
          null,
          null,
          null,
          null,
          null
        ]
      },
      "/home/sycheng/rb_project/api-PaperDeep/app/infrastructure/init.rb": {
        "lines": [
          null,
          null,
          1,
          1,
          3,
          null
        ]
      },
      "/home/sycheng/rb_project/api-PaperDeep/app/infrastructure/paper_search/init.rb": {
        "lines": [
          null,
          null,
          1,
          2,
          null
        ]
      },
      "/home/sycheng/rb_project/api-PaperDeep/app/infrastructure/paper_search/scopus_api.rb": {
        "lines": [
          null,
          null,
          1,
          1,
          1,
          null,
          null,
          1,
          null,
          1,
          1,
          null,
          null,
          1,
          null,
          1,
          null,
          1,
          null,
          null,
          null,
          1,
          null,
          null,
          null,
          1,
          1,
          null,
          null,
          1,
          1,
          null,
          null,
          1,
          1,
          null,
          1,
          null,
          null,
          1,
          1,
          null,
          null,
          1,
          1,
          1,
          null,
          1,
          1,
          null,
          1,
          null,
          null,
          null
        ]
      },
      "/home/sycheng/rb_project/api-PaperDeep/app/infrastructure/publication_search/init.rb": {
        "lines": [
          null,
          null,
          1,
          2,
          null
        ]
      },
      "/home/sycheng/rb_project/api-PaperDeep/app/infrastructure/publication_search/publication_lookup.rb": {
        "lines": [
          null,
          null,
          1,
          1,
          1,
          null,
          null,
          1,
          null,
          1,
          1,
          null,
          null,
          1,
          null,
          1,
          null,
          1,
          null,
          null,
          null,
          1,
          null,
          null,
          null,
          1,
          1,
          null,
          null,
          1,
          1,
          null,
          null,
          1,
          1,
          null,
          1,
          null,
          null,
          null,
          null,
          1,
          1,
          null,
          null,
          1,
          1,
          1,
          null,
          1,
          1,
          null,
          null,
          1,
          null,
          null,
          null
        ]
      },
      "/home/sycheng/rb_project/api-PaperDeep/app/infrastructure/database/init.rb": {
        "lines": [
          null,
          null,
          1,
          1,
          1,
          null
        ]
      },
      "/home/sycheng/rb_project/api-PaperDeep/app/infrastructure/database/orms/init.rb": {
        "lines": [
          null,
          null,
          1,
          3,
          null
        ]
      },
      "/home/sycheng/rb_project/api-PaperDeep/app/infrastructure/database/orms/papers_orm.rb": {
        "lines": [
          null,
          null,
          1,
          null,
          1,
          1,
          null,
          1,
          1,
          null,
          1,
          25,
          null,
          null,
          null,
          null
        ]
      },
      "/home/sycheng/rb_project/api-PaperDeep/app/infrastructure/database/orms/publications_orm.rb": {
        "lines": [
          null,
          null,
          1,
          null,
          1,
          1,
          null,
          1,
          null,
          1,
          null,
          1,
          1,
          null,
          null,
          null,
          null
        ]
      },
      "/home/sycheng/rb_project/api-PaperDeep/app/presentation/init.rb": {
        "lines": [
          null,
          null,
          1,
          1,
          2,
          null
        ]
      },
      "/home/sycheng/rb_project/api-PaperDeep/app/presentation/responses/init.rb": {
        "lines": [
          null,
          null,
          1,
          2,
          null
        ]
      },
      "/home/sycheng/rb_project/api-PaperDeep/app/presentation/responses/api_result.rb": {
        "lines": [
          null,
          null,
          1,
          1,
          1,
          null,
          null,
          null,
          1,
          null,
          null,
          null,
          null,
          1,
          null,
          null,
          1,
          1,
          3,
          null,
          3,
          null,
          null,
          null,
          null
        ]
      },
      "/home/sycheng/rb_project/api-PaperDeep/app/presentation/representers/init.rb": {
        "lines": [
          null,
          null,
          1,
          6,
          null
        ]
      },
      "/home/sycheng/rb_project/api-PaperDeep/app/presentation/representers/http_response_representer.rb": {
        "lines": [
          null,
          null,
          1,
          1,
          null,
          1,
          1,
          null,
          null,
          null,
          null,
          null,
          1,
          1,
          null,
          1,
          1,
          null,
          1,
          null,
          null,
          null,
          null,
          null,
          null,
          null,
          null,
          null,
          null,
          null,
          null,
          null,
          null,
          1,
          3,
          null,
          null,
          null,
          null
        ]
      },
      "/home/sycheng/rb_project/api-PaperDeep/app/presentation/representers/paper_representer.rb": {
        "lines": [
          null,
          null,
          1,
          1,
          null,
          1,
          1,
          null,
          null,
          null,
          null,
          null,
          1,
          1,
          null,
          1,
          1,
          1,
          1,
          1,
          1,
          1,
          1,
          1,
          1,
          null,
          null,
          null
        ]
      },
      "/home/sycheng/rb_project/api-PaperDeep/app/presentation/representers/papers_representer.rb": {
        "lines": [
          null,
          null,
          1,
          1,
          null,
          1,
          null,
          1,
          1,
          null,
          1,
          1,
          1,
          1,
          null,
          1,
          1,
          null,
          1,
          1,
          null,
          null,
          null,
          null,
          1,
          1,
          1,
          1,
          null,
          null,
          1,
          null,
          null,
          null
        ]
      },
      "/home/sycheng/rb_project/api-PaperDeep/app/presentation/representers/publication_representer.rb": {
        "lines": [
          null,
          null,
          1,
          1,
          null,
          1,
          1,
          null,
          null,
          null,
          null,
          null,
          1,
          1,
          null,
          1,
          1,
          1,
          1,
          1,
          1,
          null,
          null,
          null
        ]
      },
      "/home/sycheng/rb_project/api-PaperDeep/app/presentation/representers/publications_representer.rb": {
        "lines": [
          null,
          null,
          1,
          1,
          null,
          1,
          null,
          1,
          1,
          null,
          1,
          1,
          1,
          1,
          null,
          1,
          null,
          1,
          1,
          null,
          null,
          null,
          null,
          1,
          1,
          1,
          null,
          null,
          1,
          null,
          null,
          null
        ]
      },
      "/home/sycheng/rb_project/api-PaperDeep/spec/helpers/vcr_helper.rb": {
        "lines": [
          null,
          null,
          1,
          1,
          null,
          null,
          1,
          1,
          1,
          null,
          1,
          1,
          1,
          1,
          null,
          null,
          null,
          null,
          1,
          4,
          54,
          54,
          null,
          null,
          4,
          null,
          null,
          null,
          null,
          1,
          4,
          null,
          null
        ]
      },
      "/home/sycheng/rb_project/api-PaperDeep/spec/helpers/database_helper.rb": {
        "lines": [
          null,
          null,
          null,
          1,
          null,
          1,
          null,
          0,
          0,
          0,
          0,
          null,
          null
        ]
      }
    },
    "timestamp": 1638952113
  },
  "Minitest": {
    "coverage": {
      "/home/dongba/PaperDeep/init.rb": {
        "lines": [
          null,
          null,
          1,
          2,
          null
        ]
      },
      "/home/dongba/PaperDeep/config/init.rb": {
        "lines": [
          null,
          null,
          1
        ]
      },
      "/home/dongba/PaperDeep/app/init.rb": {
        "lines": [
          null,
          null,
          1,
          3,
          null
        ]
      },
      "/home/dongba/PaperDeep/app/models/init.rb": {
        "lines": [
          null,
          null,
          1,
          null,
          3,
          5,
          null,
          null
        ]
      },
      "/home/dongba/PaperDeep/app/models/entities/paper.rb": {
        "lines": [
          null,
          null,
          1,
          1,
          null,
          1,
          1,
          null,
          1,
          1,
          1,
          1,
          1,
          1,
          1,
          1,
          1,
          1,
          1,
          null,
          1,
          0,
          null,
          null,
          null,
          null,
          null,
          null,
          null,
          null,
          null,
          null,
          null,
          null
        ]
      },
      "/home/dongba/PaperDeep/app/models/repositories/for.rb": {
        "lines": [
          null,
          null,
          1,
          null,
          null,
          1,
          1,
          null,
          1,
          null,
          null,
          1,
          null,
          null,
          1,
          0,
          null,
          null,
          1,
          0,
          null,
          null,
          null,
          null
        ]
      },
      "/home/dongba/PaperDeep/app/models/repositories/papers.rb": {
        "lines": [
          null,
          null,
          1,
          1,
          null,
          1,
          1,
          0,
          null,
          null,
          1,
          0,
          null,
          null,
          1,
          0,
          null,
          null,
          1,
          0,
          null,
          0,
          null,
          null,
          null,
          null,
          null,
          null,
          null,
          null,
          null,
          null,
          null,
          null,
          null,
          1,
          0,
          0,
          null,
          null,
          null,
          1,
          0,
          null,
          null,
          null,
          null,
          null,
          null,
          null
        ]
      },
      "/home/dongba/PaperDeep/app/models/repositories/init.rb": {
        "lines": [
          null,
          null,
          1,
          3,
          null
        ]
      },
      "/home/dongba/PaperDeep/app/models/mappers/paper_mapper.rb": {
        "lines": [
          null,
          null,
          1,
          1,
          null,
          null,
          1,
          null,
          1,
          1,
          null,
          1,
          0,
          0,
          0,
          null,
          null,
          1,
          0,
          null,
          null,
          1,
          0,
          0,
          null,
          null,
          null,
          1,
          0,
          null,
          null,
          null,
          null,
          1,
          1,
          0,
          null,
          null,
          1,
          null,
          1,
          0,
          null,
          0,
          null,
          null,
          1,
          0,
          null,
          0,
          null,
          null,
          1,
          0,
          0,
          null,
          0,
          null,
          null,
          1,
          0,
          0,
          null,
          0,
          null,
          null,
          1,
          0,
          null,
          0,
          null,
          null,
          1,
          0,
          null,
          0,
          null,
          null,
          1,
          null,
          0,
          0,
          null,
          0,
          null,
          null,
          1,
          0,
          null,
          0,
          null,
          null,
          1,
          0,
          null,
          0,
          null,
          null,
          1,
          0,
          null,
          null,
          null,
          null,
          null,
          null,
          null,
          null,
          null,
          null,
          null
        ]
      },
      "/home/dongba/PaperDeep/app/infrastructure/gateways/scopus_api.rb": {
        "lines": [
          null,
          null,
          1,
          1,
          1,
          null,
          null,
          1,
          null,
          1,
          1,
          null,
          null,
          1,
          null,
          1,
          null,
          1,
          null,
          null,
          null,
          1,
          null,
          null,
          null,
          1,
          0,
          null,
          null,
          1,
          0,
          null,
          null,
          1,
          0,
          null,
          0,
          null,
          null,
          0,
          0,
          null,
          null,
          1,
          0,
          0,
          null,
          0,
          0,
          null,
          0,
          null,
          null,
          null
        ]
      },
      "/home/dongba/PaperDeep/app/controllers/init.rb": {
        "lines": [
          null,
          null,
          1,
          2,
          2,
          null
        ]
      },
      "/home/dongba/PaperDeep/app/controllers/app.rb": {
        "lines": [
          null,
          null,
          1,
          1,
          1,
          1,
          null,
          1,
          null,
          1,
          1,
          0,
          0,
          0,
          0,
          null,
          null,
          1,
          1,
          1,
          null,
          null,
          0,
          null,
          null,
          0,
          0,
          null,
          null,
          0,
          0,
          null,
          null,
          null,
          null,
          0,
          0,
          null,
          0,
          0,
          0,
          0,
          0,
          null,
          null,
          null,
          0,
          0,
          null,
          0,
          0,
          0,
          null,
          null,
          0,
          0,
          null,
          0,
          null,
          null,
          null,
          null,
          null,
          0,
          0,
          null,
          0,
          0,
          0,
          null,
          null,
          null,
          null,
          null,
          null,
          null,
          null
        ]
      },
      "/home/dongba/PaperDeep/app/infrastructure/init.rb": {
        "lines": [
          null,
          null,
          1,
          1,
          2,
          null
        ]
      },
      "/home/dongba/PaperDeep/app/infrastructure/gateways/init.rb": {
        "lines": [
          null,
          null,
          1,
          2,
          null
        ]
      },
      "/home/dongba/PaperDeep/app/infrastructure/database/init.rb": {
        "lines": [
          null,
          null,
          1,
          1,
          1,
          null
        ]
      },
      "/home/dongba/PaperDeep/app/infrastructure/database/orms/init.rb": {
        "lines": [
          null,
          null,
          1,
          2,
          null
        ]
      },
      "/home/dongba/PaperDeep/app/infrastructure/database/orms/papers_orm.rb": {
        "lines": [
          null,
          null,
          1,
          null,
          1,
          1,
          null,
          1,
          1,
          null,
          1,
          0,
          null,
          null,
          null,
          null
        ]
      }
    },
    "timestamp": 1636102482
  }
}
